time="2021-06-21T13:04:17+03:00" level=info msg="Starting API Server at port :8080"
time="2021-06-21T13:04:17+03:00" level=info msg="Routes configurete successfully"
time="2021-06-21T13:19:57+03:00" level=info msg="Starting API Server at port :8080"
time="2021-06-21T13:19:57+03:00" level=info msg="Routes configurete successfully"
time="2021-06-21T13:20:05+03:00" level=info msg="Method:GET URL:/hello User-Agent:Mozilla/5.0 (X11; Linux x86_64) AppleWebKit/537.36 (KHTML, like Gecko) Chrome/89.0.4389.105 YaBrowser/21.3.3.1195 (beta) Yowser/2.5 Safari/537.36"
time="2021-06-21T13:28:33+03:00" level=info msg="Starting API Server at port :8080"
time="2021-06-21T13:28:33+03:00" level=info msg="Routes configurete successfully"
time="2021-06-21T13:28:34+03:00" level=info msg="Shutting down API Server...."
time="2021-06-21T13:28:34+03:00" level=fatal msg="error occured while running http server: http: Server closed"
time="2021-06-21T13:30:52+03:00" level=info msg="Starting API Server at port :8080"
time="2021-06-21T13:30:52+03:00" level=info msg="Routes configurete successfully"
time="2021-06-21T13:30:53+03:00" level=info msg="Shutting down API Server...."
time="2021-06-21T13:30:53+03:00" level=fatal msg="error occured while running http server: http: Server closed"
time="2021-06-21T13:31:14+03:00" level=info msg="Starting API Server at port :8080"
time="2021-06-21T13:31:14+03:00" level=info msg="Routes configurete successfully"
time="2021-06-21T13:31:15+03:00" level=info msg="Shutting down API Server...."
time="2021-06-21T13:31:15+03:00" level=error msg="error occured while running http server: http: Server closed"
time="2021-06-21T15:21:46+03:00" level=info msg="Starting API Server at port :8080"
time="2021-06-21T15:21:46+03:00" level=info msg="Routes configurete successfully"
time="2021-06-21T15:21:51+03:00" level=info msg="Method:GET URL:/hello User-Agent:Mozilla/5.0 (X11; Linux x86_64) AppleWebKit/537.36 (KHTML, like Gecko) Chrome/89.0.4389.105 YaBrowser/21.3.3.1195 (beta) Yowser/2.5 Safari/537.36"
time="2021-06-21T15:22:06+03:00" level=info msg="Shutting down API Server...."
time="2021-06-21T15:22:06+03:00" level=error msg="error occured while running http server: http: Server closed"
time="2021-06-21T15:58:12+03:00" level=info msg="Starting API Server at port :8080"
time="2021-06-21T15:58:12+03:00" level=info msg="Routes configurete successfully"
time="2021-06-21T15:58:12+03:00" level=error msg="error occured while running http server: missing \"=\" after \"password\" in connection info string\""
time="2021-06-21T15:58:29+03:00" level=info msg="Shutting down API Server...."
time="2021-06-21T15:58:47+03:00" level=info msg="Starting API Server at port :8080"
time="2021-06-21T15:58:47+03:00" level=info msg="Routes configurete successfully"
time="2021-06-21T15:58:47+03:00" level=error msg="error occured while running http server: pq: password authentication failed for user \"admin\""
time="2021-06-21T15:58:52+03:00" level=info msg="Shutting down API Server...."
time="2021-06-21T16:07:39+03:00" level=info msg="Starting API Server at port :8080"
time="2021-06-21T16:07:39+03:00" level=info msg="Routes configurete successfully"
time="2021-06-21T16:07:42+03:00" level=info msg="Shutting down API Server...."
time="2021-06-21T16:07:42+03:00" level=error msg="error occured while running http server: http: Server closed"
time="2021-06-21T16:08:21+03:00" level=info msg="Starting API Server at port :8080"
time="2021-06-21T16:08:21+03:00" level=info msg="Routes configurete successfully"
time="2021-06-21T16:08:21+03:00" level=info msg="Database connection successfully opened"
time="2021-06-21T16:08:24+03:00" level=info msg="Shutting down API Server...."
time="2021-06-21T16:08:24+03:00" level=error msg="error occured while running http server: http: Server closed"
time="2021-06-21T16:11:04+03:00" level=info msg="Starting API Server at port :8080"
time="2021-06-21T16:11:04+03:00" level=info msg="Routes configurete successfully"
time="2021-06-21T16:11:04+03:00" level=info msg="Database connection successfully opened"
time="2021-06-21T16:11:06+03:00" level=info msg="Shutting down API Server...."
time="2021-06-21T16:11:06+03:00" level=error msg="error occured while running http server: http: Server closed"
time="2021-06-21T16:11:06+03:00" level=info msg="Trying to close connection to database"
time="2021-06-21T16:11:06+03:00" level=info msg="Database successfully closed"
time="2021-06-21T16:24:56+03:00" level=info msg="Starting API Server at port :8080"
time="2021-06-21T16:24:56+03:00" level=info msg="Routes configurete successfully"
time="2021-06-21T16:24:56+03:00" level=info msg="Database connection successfully opened"
time="2021-06-21T16:24:59+03:00" level=info msg="Shutting down API Server...."
time="2021-06-21T16:24:59+03:00" level=error msg="error occured while running http server: http: Server closed"
time="2021-06-21T16:24:59+03:00" level=info msg="Trying to close connection to database"
time="2021-06-21T16:24:59+03:00" level=info msg="Database successfully closed"
time="2021-06-21T16:26:52+03:00" level=info msg="Starting API Server at port :8080"
time="2021-06-21T16:26:52+03:00" level=info msg="Routes configurete successfully"
time="2021-06-21T16:26:52+03:00" level=info msg="Database connection successfully opened"
time="2021-06-21T16:26:53+03:00" level=info msg="Shutting down API Server...."
time="2021-06-21T16:26:53+03:00" level=error msg="error occured while running http server: http: Server closed"
time="2021-06-21T16:26:53+03:00" level=info msg="Trying to close connection to database"
time="2021-06-21T16:26:53+03:00" level=info msg="Database successfully closed"
time="2021-06-21T16:26:58+03:00" level=info msg="Starting API Server at port :8080"
time="2021-06-21T16:26:58+03:00" level=info msg="Routes configurete successfully"
time="2021-06-21T16:26:58+03:00" level=info msg="Database connection successfully opened. DB URI:host=localhost port=5432 user=admin password=admin dbname=restapi_dev sslmode=disable"
time="2021-06-21T16:27:02+03:00" level=info msg="Shutting down API Server...."
time="2021-06-21T16:27:02+03:00" level=error msg="error occured while running http server: http: Server closed"
time="2021-06-21T16:27:02+03:00" level=info msg="Trying to close connection to database"
time="2021-06-21T16:27:02+03:00" level=info msg="Database successfully closed"
time="2021-06-21T16:28:12+03:00" level=info msg="Starting API Server at port :8080"
time="2021-06-21T16:28:12+03:00" level=info msg="Routes configurete successfully"
time="2021-06-21T16:28:12+03:00" level=info msg="Database connection successfully opened."
time="2021-06-21T16:28:14+03:00" level=info msg="Shutting down API Server...."
time="2021-06-21T16:28:14+03:00" level=error msg="error occured while running http server: http: Server closed"
time="2021-06-21T16:28:14+03:00" level=info msg="Trying to close connection to database"
time="2021-06-21T16:28:14+03:00" level=info msg="Database successfully closed"
time="2021-06-21T16:30:43+03:00" level=info msg="Starting API Server at port :8080"
time="2021-06-21T16:30:43+03:00" level=info msg="Routes configurete successfully"
time="2021-06-21T16:30:43+03:00" level=info msg="Database connection successfully opened. DB:restapi_dev USER:admin"
time="2021-06-21T16:30:48+03:00" level=info msg="Shutting down API Server...."
time="2021-06-21T16:30:48+03:00" level=error msg="error occured while running http server: http: Server closed"
time="2021-06-21T16:30:48+03:00" level=info msg="Trying to close connection to database"
time="2021-06-21T16:30:48+03:00" level=info msg="Database successfully closed"
time="2021-06-21T18:48:01+03:00" level=info msg="Starting API Server at port :8080"
time="2021-06-21T18:48:01+03:00" level=info msg="Routes configurete successfully"
time="2021-06-21T18:48:01+03:00" level=info msg="Database connection successfully opened. DB:restapi_dev USER:admin"
time="2021-06-21T18:48:13+03:00" level=info msg="Shutting down API Server...."
time="2021-06-21T18:48:13+03:00" level=error msg="error occured while running http server: http: Server closed"
time="2021-06-21T18:48:13+03:00" level=info msg="Trying to close connection to database"
time="2021-06-21T18:48:13+03:00" level=info msg="Database successfully closed"
